#
# There is insufficient memory for the Java Runtime Environment to continue.
# Native memory allocation (malloc) failed to allocate 1048576 bytes for AllocateHeap
# Possible reasons:
#   The system is out of physical RAM or swap space
#   In 32 bit mode, the process size limit was hit
# Possible solutions:
#   Reduce memory load on the system
#   Increase physical memory or swap space
#   Check if swap backing store is full
#   Use 64 bit Java on a 64 bit OS
#   Decrease Java heap size (-Xmx/-Xms)
#   Decrease number of Java threads
#   Decrease Java thread stack sizes (-Xss)
#   Set larger code cache with -XX:ReservedCodeCacheSize=
# This output file may be truncated or incomplete.
#
#  Out of Memory Error (memory/allocation.inline.hpp:61), pid=10204, tid=4876
#
# JRE version:  (8.0_40-b26) (build )
# Java VM: Java HotSpot(TM) 64-Bit Server VM (25.40-b25 mixed mode windows-amd64 compressed oops)
# Failed to write core dump. Minidumps are not enabled by default on client versions of Windows
#

---------------  T H R E A D  ---------------

Current thread (0x0000000000a8d800):  JavaThread "Unknown thread" [_thread_in_vm, id=4876, stack(0x00000000021d0000,0x00000000022d0000)]

Stack: [0x00000000021d0000,0x00000000022d0000]
Native frames: (J=compiled Java code, j=interpreted, Vv=VM code, C=native code)
V  [jvm.dll+0x32b47a]
V  [jvm.dll+0x2797f3]
V  [jvm.dll+0x27a489]
V  [jvm.dll+0x2717a5]
V  [jvm.dll+0x1606]
V  [jvm.dll+0x3c0a62]
V  [jvm.dll+0x3ee9c2]
V  [jvm.dll+0x3eeecc]
V  [jvm.dll+0x3ea707]
V  [jvm.dll+0xf2c12]
V  [jvm.dll+0x20f139]
V  [jvm.dll+0x240d9a]
V  [jvm.dll+0x15b941]
C  [java.exe+0x216e]
C  [java.exe+0xcce7]
C  [java.exe+0xcd7b]
C  [KERNEL32.DLL+0x16ad]
C  [ntdll.dll+0x6e954]


---------------  P R O C E S S  ---------------

Java Threads: ( => current thread )

Other Threads:

=>0x0000000000a8d800 (exited) JavaThread "Unknown thread" [_thread_in_vm, id=4876, stack(0x00000000021d0000,0x00000000022d0000)]

VM state:not at safepoint (normal execution)

VM Mutex/Monitor currently owned by a thread: None

Heap:
 PSYoungGen      total 18944K, used 327K [0x00000000eab00000, 0x00000000ec000000, 0x0000000100000000)
  eden space 16384K, 2% used [0x00000000eab00000,0x00000000eab51ec8,0x00000000ebb00000)
  from space 2560K, 0% used [0x00000000ebd80000,0x00000000ebd80000,0x00000000ec000000)
  to   space 2560K, 0% used [0x00000000ebb00000,0x00000000ebb00000,0x00000000ebd80000)
 ParOldGen       total 44032K, used 0K [0x00000000c0000000, 0x00000000c2b00000, 0x00000000eab00000)
  object space 44032K, 0% used [0x00000000c0000000,0x00000000c0000000,0x00000000c2b00000)
 Metaspace       used 766K, capacity 4480K, committed 4480K, reserved 1056768K
  class space    used 75K, capacity 384K, committed 384K, reserved 1048576K

Card table byte_map: [0x0000000011810000,0x0000000011a20000] byte_map_base: 0x0000000011210000

Marking Bits: (ParMarkBitMap*) 0x0000000071104040
 Begin Bits: [0x0000000011f80000, 0x0000000012f80000)
 End Bits:   [0x0000000012f80000, 0x0000000013f80000)

Polling page: 0x00000000009b0000

CodeCache: size=245760Kb used=328Kb max_used=328Kb free=245431Kb
 bounds [0x0000000002450000, 0x00000000026c0000, 0x0000000011450000]
 total_blobs=57 nmethods=0 adapters=37
 compilation: enabled

Compilation events (0 events):
No events

GC Heap History (0 events):
No events

Deoptimization events (0 events):
No events

Internal exceptions (0 events):
No events

Events (10 events):
Event: 0.126 loading class java/lang/Short
Event: 0.126 loading class java/lang/Short done
Event: 0.126 loading class java/lang/Integer
Event: 0.127 loading class java/lang/Integer done
Event: 0.127 loading class java/lang/Long
Event: 0.127 loading class java/lang/Long done
Event: 0.129 loading class java/lang/NullPointerException
Event: 0.129 loading class java/lang/NullPointerException done
Event: 0.129 loading class java/lang/ArithmeticException
Event: 0.129 loading class java/lang/ArithmeticException done


Dynamic libraries:
0x00007ff7d37a0000 - 0x00007ff7d37d7000 	C:\Program Files\Java\jdk1.8.0_40\bin\java.exe
0x00007ffc76410000 - 0x00007ffc765bc000 	C:\Windows\SYSTEM32\ntdll.dll
0x00007ffc741c0000 - 0x00007ffc742fa000 	C:\Windows\system32\KERNEL32.DLL
0x00007ffc737d0000 - 0x00007ffc738df000 	C:\Windows\system32\KERNELBASE.dll
0x00007ffc71ea0000 - 0x00007ffc71f28000 	C:\Windows\system32\apphelp.dll
0x00007ffc6a140000 - 0x00007ffc6a18f000 	C:\Windows\AppPatch\AppPatch64\AcGenral.DLL
0x00007ffc75c30000 - 0x00007ffc75cd7000 	C:\Windows\system32\msvcrt.dll
0x00007ffc73500000 - 0x00007ffc7352b000 	C:\Windows\SYSTEM32\SspiCli.dll
0x00007ffc73bc0000 - 0x00007ffc73c11000 	C:\Windows\system32\SHLWAPI.dll
0x00007ffc73c20000 - 0x00007ffc73d91000 	C:\Windows\system32\USER32.dll
0x00007ffc74300000 - 0x00007ffc74478000 	C:\Windows\system32\ole32.dll
0x00007ffc74710000 - 0x00007ffc75c28000 	C:\Windows\system32\SHELL32.dll
0x00007ffc730f0000 - 0x00007ffc7310e000 	C:\Windows\SYSTEM32\USERENV.dll
0x00007ffc75e00000 - 0x00007ffc75ea5000 	C:\Windows\system32\ADVAPI32.dll
0x00007ffc69b30000 - 0x00007ffc69b4b000 	C:\Windows\SYSTEM32\MPR.dll
0x00007ffc760f0000 - 0x00007ffc76227000 	C:\Windows\system32\RPCRT4.dll
0x00007ffc73b60000 - 0x00007ffc73bb7000 	C:\Windows\SYSTEM32\sechost.dll
0x00007ffc75eb0000 - 0x00007ffc76086000 	C:\Windows\SYSTEM32\combase.dll
0x00007ffc76240000 - 0x00007ffc76384000 	C:\Windows\system32\GDI32.dll
0x00007ffc73650000 - 0x00007ffc73664000 	C:\Windows\SYSTEM32\profapi.dll
0x00007ffc714f0000 - 0x00007ffc715a2000 	C:\Windows\SYSTEM32\SHCORE.dll
0x00007ffc75dc0000 - 0x00007ffc75df4000 	C:\Windows\system32\IMM32.DLL
0x00007ffc73e50000 - 0x00007ffc73fa1000 	C:\Windows\system32\MSCTF.dll
0x00007ffc6f590000 - 0x00007ffc6f7ea000 	C:\Windows\WinSxS\amd64_microsoft.windows.common-controls_6595b64144ccf1df_6.0.9600.17031_none_6242a4b3ecbb55a1\COMCTL32.dll
0x0000000070480000 - 0x0000000070552000 	C:\Program Files\Java\jdk1.8.0_40\jre\bin\msvcr100.dll
0x0000000070900000 - 0x0000000071183000 	C:\Program Files\Java\jdk1.8.0_40\jre\bin\server\jvm.dll
0x00007ffc5fff0000 - 0x00007ffc5fff9000 	C:\Windows\SYSTEM32\WSOCK32.dll
0x00007ffc64920000 - 0x00007ffc6493f000 	C:\Windows\SYSTEM32\WINMM.dll
0x00007ffc6ad30000 - 0x00007ffc6ad3a000 	C:\Windows\SYSTEM32\VERSION.dll
0x00007ffc75ce0000 - 0x00007ffc75ce7000 	C:\Windows\system32\PSAPI.DLL
0x00007ffc74160000 - 0x00007ffc741b8000 	C:\Windows\system32\WS2_32.dll
0x00007ffc648f0000 - 0x00007ffc6491a000 	C:\Windows\SYSTEM32\WINMMBASE.dll
0x00007ffc73fb0000 - 0x00007ffc73fb9000 	C:\Windows\system32\NSI.dll
0x00007ffc73b10000 - 0x00007ffc73b5a000 	C:\Windows\SYSTEM32\cfgmgr32.dll
0x00007ffc724b0000 - 0x00007ffc724d6000 	C:\Windows\SYSTEM32\DEVOBJ.dll
0x00000000708f0000 - 0x00000000708ff000 	C:\Program Files\Java\jdk1.8.0_40\jre\bin\verify.dll
0x00000000708c0000 - 0x00000000708e9000 	C:\Program Files\Java\jdk1.8.0_40\jre\bin\java.dll
0x00000000708a0000 - 0x00000000708b6000 	C:\Program Files\Java\jdk1.8.0_40\jre\bin\zip.dll
0x00007ffc66370000 - 0x00007ffc664f8000 	C:\Windows\SYSTEM32\dbghelp.dll

VM Arguments:
jvm_args: -Xmx1024M -Dfile.encoding=windows-1252 -Duser.country=CA -Duser.language=en -Duser.variant 
java_command: com.android.dx.command.Main --dex --output C:\Users\Alexandre\Desktop\HomeControl\app\build\intermediates\dex\debug C:\Users\Alexandre\Desktop\HomeControl\app\build\intermediates\classes\debug C:\Users\Alexandre\Desktop\HomeControl\app\build\intermediates\pre-dexed\debug\support-annotations-22.0.0-970be04ad239743f0e7d1752d2f5ac1a7f19c541.jar C:\Users\Alexandre\Desktop\HomeControl\app\build\intermediates\pre-dexed\debug\bolts-android-1.1.4-b36b7b8fc8af564240b697477c15149ede7d1d96.jar C:\Users\Alexandre\Desktop\HomeControl\app\build\intermediates\pre-dexed\debug\ParseCrashReporting-1.9.0-838ec92903bb1d6c8d1fc6b46ae9ca06ea4947bd.jar C:\Users\Alexandre\Desktop\HomeControl\app\build\intermediates\pre-dexed\debug\internal_impl-22.0.0-496bff818aa4b5d1cf8e48ddfbdac5c1ad227976.jar C:\Users\Alexandre\Desktop\HomeControl\app\build\intermediates\pre-dexed\debug\classes-23a1839a1c10aaf870753a7545b640837ea44537.jar C:\Users\Alexandre\Desktop\HomeControl\app\build\intermediates\pre-dexed\debug\Parse-1.9.0-b99160dbc796ada2c7d84e86a89a0c1a670d338d.jar C:\Users\Alexandre\Desktop\HomeControl\app\build\intermediates\pre-dexed\debug\classes-0bbcd149ee2d5ac4803717b78ea7297bb69a2e8d.jar
java_class_path (initial): C:\Users\Alexandre\AppData\Local\Android\Sdk\build-tools\22.0.0\lib\dx.jar
Launcher Type: SUN_STANDARD

Environment Variables:
PATH=C:\ProgramData\Oracle\Java\javapath;C:\Windows\system32;C:\Windows;C:\Windows\System32\Wbem;C:\Windows\System32\WindowsPowerShell\v1.0\;C:\Program Files (x86)\Windows Kits\8.1\Windows Performance Toolkit\;C:\Program Files\Microsoft SQL Server\110\Tools\Binn\;C:\Program Files (x86)\Microsoft SDKs\TypeScript\1.0\;C:\Program Files\Microsoft SQL Server\120\Tools\Binn\;C:\HashiCorp\Vagrant\bin
USERNAME=Alexandre
OS=Windows_NT
PROCESSOR_IDENTIFIER=Intel64 Family 6 Model 69 Stepping 1, GenuineIntel



---------------  S Y S T E M  ---------------

OS: Windows 8.1 , 64 bit Build 9600 (6.3.9600.17056)

CPU:total 4 (2 cores per cpu, 2 threads per core) family 6 model 69 stepping 1, cmov, cx8, fxsr, mmx, sse, sse2, sse3, ssse3, sse4.1, sse4.2, popcnt, avx, avx2, aes, clmul, erms, rtm, lzcnt, ht, tsc, tscinvbit, bmi1, bmi2

Memory: 4k page, physical 4112424k(322076k free), swap 7258152k(5628k free)

vm_info: Java HotSpot(TM) 64-Bit Server VM (25.40-b25) for windows-amd64 JRE (1.8.0_40-b26), built on Mar  7 2015 13:51:59 by "java_re" with MS VC++ 10.0 (VS2010)

time: Sat Mar 28 15:36:16 2015
elapsed time: 0 seconds (0d 0h 0m 0s)

