#
# There is insufficient memory for the Java Runtime Environment to continue.
# Native memory allocation (malloc) failed to allocate 490816 bytes for Chunk::new
# Possible reasons:
#   The system is out of physical RAM or swap space
#   In 32 bit mode, the process size limit was hit
# Possible solutions:
#   Reduce memory load on the system
#   Increase physical memory or swap space
#   Check if swap backing store is full
#   Use 64 bit Java on a 64 bit OS
#   Decrease Java heap size (-Xmx/-Xms)
#   Decrease number of Java threads
#   Decrease Java thread stack sizes (-Xss)
#   Set larger code cache with -XX:ReservedCodeCacheSize=
# This output file may be truncated or incomplete.
#
#  Out of Memory Error (allocation.cpp:390), pid=13132, tid=408
#
# JRE version: Java(TM) SE Runtime Environment (8.0_40-b26) (build 1.8.0_40-b26)
# Java VM: Java HotSpot(TM) 64-Bit Server VM (25.40-b25 mixed mode windows-amd64 compressed oops)
# Failed to write core dump. Minidumps are not enabled by default on client versions of Windows
#

---------------  T H R E A D  ---------------

Current thread (0x0000000014f6d800):  JavaThread "C2 CompilerThread0" daemon [_thread_in_native, id=408, stack(0x00000000164c0000,0x00000000165c0000)]

Stack: [0x00000000164c0000,0x00000000165c0000]
Native frames: (J=compiled Java code, j=interpreted, Vv=VM code, C=native code)
V  [jvm.dll+0x32b47a]
V  [jvm.dll+0x2797f3]
V  [jvm.dll+0x27a489]
V  [jvm.dll+0x2717a5]
V  [jvm.dll+0xcb9a2]
V  [jvm.dll+0xcbe6c]
V  [jvm.dll+0x476ea2]
V  [jvm.dll+0x4b950f]
V  [jvm.dll+0x46bf81]
V  [jvm.dll+0x46ccbe]
V  [jvm.dll+0x4500d2]
V  [jvm.dll+0xa4312]
V  [jvm.dll+0xa4c4f]
V  [jvm.dll+0x241914]
V  [jvm.dll+0x29848a]
C  [msvcr100.dll+0x21d9f]
C  [msvcr100.dll+0x21e3b]
C  [KERNEL32.DLL+0x16ad]
C  [ntdll.dll+0x6e954]


Current CompileTask:
C2:   1298 1830       4       com.android.dex.EncodedValueReader::skipValue (348 bytes)


---------------  P R O C E S S  ---------------

Java Threads: ( => current thread )
  0x00000000167e3000 JavaThread "Service Thread" daemon [_thread_blocked, id=12724, stack(0x0000000016bc0000,0x0000000016cc0000)]
  0x0000000014f74000 JavaThread "C1 CompilerThread2" daemon [_thread_blocked, id=1512, stack(0x00000000166c0000,0x00000000167c0000)]
  0x0000000014f71000 JavaThread "C2 CompilerThread1" daemon [_thread_in_native, id=12880, stack(0x00000000165c0000,0x00000000166c0000)]
=>0x0000000014f6d800 JavaThread "C2 CompilerThread0" daemon [_thread_in_native, id=408, stack(0x00000000164c0000,0x00000000165c0000)]
  0x0000000014f6c000 JavaThread "Attach Listener" daemon [_thread_blocked, id=6264, stack(0x00000000163c0000,0x00000000164c0000)]
  0x0000000014f6a800 JavaThread "Signal Dispatcher" daemon [_thread_blocked, id=7696, stack(0x00000000162c0000,0x00000000163c0000)]
  0x0000000002897800 JavaThread "Finalizer" daemon [_thread_blocked, id=9584, stack(0x00000000161c0000,0x00000000162c0000)]
  0x0000000014f39800 JavaThread "Reference Handler" daemon [_thread_blocked, id=3368, stack(0x00000000160c0000,0x00000000161c0000)]
  0x000000000269d800 JavaThread "main" [_thread_in_Java, id=7992, stack(0x00000000026a0000,0x00000000027a0000)]

Other Threads:
  0x0000000014f37000 VMThread [stack: 0x0000000015fc0000,0x00000000160c0000] [id=7240]
  0x00000000167f4800 WatcherThread [stack: 0x0000000016cc0000,0x0000000016dc0000] [id=8944]

VM state:not at safepoint (normal execution)

VM Mutex/Monitor currently owned by a thread: None

Heap:
 PSYoungGen      total 18944K, used 11459K [0x00000000eab00000, 0x00000000ec000000, 0x0000000100000000)
  eden space 16384K, 54% used [0x00000000eab00000,0x00000000eb3b6d90,0x00000000ebb00000)
  from space 2560K, 99% used [0x00000000ebd80000,0x00000000ebffa150,0x00000000ec000000)
  to   space 2560K, 0% used [0x00000000ebb00000,0x00000000ebb00000,0x00000000ebd80000)
 ParOldGen       total 44032K, used 5662K [0x00000000c0000000, 0x00000000c2b00000, 0x00000000eab00000)
  object space 44032K, 12% used [0x00000000c0000000,0x00000000c0587958,0x00000000c2b00000)
 Metaspace       used 7245K, capacity 7672K, committed 7936K, reserved 1056768K
  class space    used 742K, capacity 752K, committed 768K, reserved 1048576K

Card table byte_map: [0x0000000011c60000,0x0000000011e70000] byte_map_base: 0x0000000011660000

Marking Bits: (ParMarkBitMap*) 0x0000000071104040
 Begin Bits: [0x00000000123d0000, 0x00000000133d0000)
 End Bits:   [0x00000000133d0000, 0x00000000143d0000)

Polling page: 0x0000000000db0000

CodeCache: size=245760Kb used=6049Kb max_used=6049Kb free=239710Kb
 bounds [0x00000000028a0000, 0x0000000002e90000, 0x00000000118a0000]
 total_blobs=2155 nmethods=1866 adapters=202
 compilation: enabled

Compilation events (10 events):
Event: 1.257 Thread 0x0000000014f74000 1840       3       com.android.dx.io.instructions.InstructionCodec$3::encode (25 bytes)
Event: 1.257 Thread 0x0000000014f74000 nmethod 1840 0x0000000002e7ddd0 code [0x0000000002e7dfa0, 0x0000000002e7e6d8]
Event: 1.257 Thread 0x0000000014f74000 1841       3       com.android.dx.io.instructions.InstructionCodec$14::decode (53 bytes)
Event: 1.258 Thread 0x0000000014f74000 nmethod 1841 0x0000000002e7ea10 code [0x0000000002e7ec00, 0x0000000002e7f518]
Event: 1.258 Thread 0x0000000014f74000 1842       3       com.android.dx.io.instructions.InstructionCodec$14::encode (29 bytes)
Event: 1.259 Thread 0x0000000014f74000 nmethod 1842 0x0000000002e7fb50 code [0x0000000002e7fd40, 0x0000000002e80868]
Event: 1.260 Thread 0x0000000014f74000 1843       3       com.android.dex.Dex$Section::readClassData (66 bytes)
Event: 1.261 Thread 0x0000000014f74000 nmethod 1843 0x0000000002e80cd0 code [0x0000000002e80ec0, 0x0000000002e816d8]
Event: 1.261 Thread 0x0000000014f74000 1844       3       com.android.dx.merge.DexMerger::transformClassData (111 bytes)
Event: 1.261 Thread 0x0000000014f74000 nmethod 1844 0x0000000002e81a90 code [0x0000000002e81c80, 0x0000000002e82498]

GC Heap History (4 events):
Event: 0.732 GC heap before
{Heap before GC invocations=1 (full 0):
 PSYoungGen      total 18944K, used 16384K [0x00000000eab00000, 0x00000000ec000000, 0x0000000100000000)
  eden space 16384K, 100% used [0x00000000eab00000,0x00000000ebb00000,0x00000000ebb00000)
  from space 2560K, 0% used [0x00000000ebd80000,0x00000000ebd80000,0x00000000ec000000)
  to   space 2560K, 0% used [0x00000000ebb00000,0x00000000ebb00000,0x00000000ebd80000)
 ParOldGen       total 44032K, used 0K [0x00000000c0000000, 0x00000000c2b00000, 0x00000000eab00000)
  object space 44032K, 0% used [0x00000000c0000000,0x00000000c0000000,0x00000000c2b00000)
 Metaspace       used 5405K, capacity 6768K, committed 7040K, reserved 1056768K
  class space    used 545K, capacity 616K, committed 640K, reserved 1048576K
Event: 0.740 GC heap after
Heap after GC invocations=1 (full 0):
 PSYoungGen      total 18944K, used 2544K [0x00000000eab00000, 0x00000000ec000000, 0x0000000100000000)
  eden space 16384K, 0% used [0x00000000eab00000,0x00000000eab00000,0x00000000ebb00000)
  from space 2560K, 99% used [0x00000000ebb00000,0x00000000ebd7c028,0x00000000ebd80000)
  to   space 2560K, 0% used [0x00000000ebd80000,0x00000000ebd80000,0x00000000ec000000)
 ParOldGen       total 44032K, used 2178K [0x00000000c0000000, 0x00000000c2b00000, 0x00000000eab00000)
  object space 44032K, 4% used [0x00000000c0000000,0x00000000c0220850,0x00000000c2b00000)
 Metaspace       used 5405K, capacity 6768K, committed 7040K, reserved 1056768K
  class space    used 545K, capacity 616K, committed 640K, reserved 1048576K
}
Event: 1.115 GC heap before
{Heap before GC invocations=2 (full 0):
 PSYoungGen      total 18944K, used 18928K [0x00000000eab00000, 0x00000000ec000000, 0x0000000100000000)
  eden space 16384K, 100% used [0x00000000eab00000,0x00000000ebb00000,0x00000000ebb00000)
  from space 2560K, 99% used [0x00000000ebb00000,0x00000000ebd7c028,0x00000000ebd80000)
  to   space 2560K, 0% used [0x00000000ebd80000,0x00000000ebd80000,0x00000000ec000000)
 ParOldGen       total 44032K, used 2178K [0x00000000c0000000, 0x00000000c2b00000, 0x00000000eab00000)
  object space 44032K, 4% used [0x00000000c0000000,0x00000000c0220850,0x00000000c2b00000)
 Metaspace       used 7171K, capacity 7608K, committed 7680K, reserved 1056768K
  class space    used 742K, capacity 752K, committed 768K, reserved 1048576K
Event: 1.121 GC heap after
Heap after GC invocations=2 (full 0):
 PSYoungGen      total 18944K, used 2536K [0x00000000eab00000, 0x00000000ec000000, 0x0000000100000000)
  eden space 16384K, 0% used [0x00000000eab00000,0x00000000eab00000,0x00000000ebb00000)
  from space 2560K, 99% used [0x00000000ebd80000,0x00000000ebffa150,0x00000000ec000000)
  to   space 2560K, 0% used [0x00000000ebb00000,0x00000000ebb00000,0x00000000ebd80000)
 ParOldGen       total 44032K, used 5662K [0x00000000c0000000, 0x00000000c2b00000, 0x00000000eab00000)
  object space 44032K, 12% used [0x00000000c0000000,0x00000000c0587958,0x00000000c2b00000)
 Metaspace       used 7171K, capacity 7608K, committed 7680K, reserved 1056768K
  class space    used 742K, capacity 752K, committed 768K, reserved 1048576K
}

Deoptimization events (10 events):
Event: 0.996 Thread 0x000000000269d800 Uncommon trap: reason=unstable_if action=reinterpret pc=0x0000000002cbd390 method=java.util.HashMap.getNode(ILjava/lang/Object;)Ljava/util/HashMap$Node; @ 84
Event: 1.038 Thread 0x000000000269d800 Uncommon trap: reason=unstable_if action=reinterpret pc=0x0000000002d2ae60 method=java.util.HashMap.getNode(ILjava/lang/Object;)Ljava/util/HashMap$Node; @ 84
Event: 1.065 Thread 0x000000000269d800 Uncommon trap: reason=unstable_if action=reinterpret pc=0x0000000002d600f4 method=sun.misc.URLClassPath.getLoader(I)Lsun/misc/URLClassPath$Loader; @ 36
Event: 1.065 Thread 0x000000000269d800 Uncommon trap: reason=unstable_if action=reinterpret pc=0x0000000002d5cdd8 method=sun.misc.URLClassPath.getLoader(I)Lsun/misc/URLClassPath$Loader; @ 36
Event: 1.066 Thread 0x000000000269d800 Uncommon trap: reason=unstable_if action=reinterpret pc=0x0000000002da8148 method=sun.misc.MetaIndex.mayContain(Ljava/lang/String;)Z @ 13
Event: 1.066 Thread 0x000000000269d800 Uncommon trap: reason=unstable_if action=reinterpret pc=0x0000000002a241c4 method=sun.misc.MetaIndex.mayContain(Ljava/lang/String;)Z @ 13
Event: 1.086 Thread 0x000000000269d800 Uncommon trap: reason=predicate action=maybe_recompile pc=0x0000000002dbd1a4 method=com.android.dex.Leb128.readUnsignedLeb128(Lcom/android/dex/util/ByteInput;)I @ 41
Event: 1.122 Thread 0x000000000269d800 Uncommon trap: reason=unstable_if action=reinterpret pc=0x0000000002d7fdf4 method=com.android.dex.Mutf8.decode(Lcom/android/dex/util/ByteInput;[C)Ljava/lang/String; @ 37
Event: 1.122 Thread 0x000000000269d800 Uncommon trap: reason=unstable_if action=reinterpret pc=0x0000000002d7908c method=com.android.dex.Mutf8.countBytes(Ljava/lang/String;Z)J @ 28
Event: 1.122 Thread 0x000000000269d800 Uncommon trap: reason=unstable_if action=reinterpret pc=0x0000000002d80b9c method=com.android.dex.Mutf8.encode([BILjava/lang/String;)V @ 24

Internal exceptions (6 events):
Event: 0.039 Thread 0x000000000269d800 Exception <a 'java/lang/NoSuchMethodError': Method sun.misc.Unsafe.defineClass(Ljava/lang/String;[BII)Ljava/lang/Class; name or signature does not match> (0x00000000eab0d880) thrown at [D:\re\workspace\8-2-build-windows-amd64-cygwin\jdk8u40\3098\hotspot\sremÅ˛»§?
Event: 0.039 Thread 0x000000000269d800 Exception <a 'java/lang/NoSuchMethodError': Method sun.misc.Unsafe.prefetchRead(Ljava/lang/Object;J)V name or signature does not match> (0x00000000eab0db10) thrown at [D:\re\workspace\8-2-build-windows-amd64-cygwin\jdk8u40\3098\hotspot\src\share\vm\prims\j∫k—ÄEÒ?
Event: 1.066 Thread 0x000000000269d800 Exception <a 'java/security/PrivilegedActionException'> (0x00000000eb90d048) thrown at [D:\re\workspace\8-2-build-windows-amd64-cygwin\jdk8u40\3098\hotspot\src\share\vm\prims\jvm.cpp, line 1382]
Event: 1.066 Thread 0x000000000269d800 Exception <a 'java/security/PrivilegedActionException'> (0x00000000eb90d390) thrown at [D:\re\workspace\8-2-build-windows-amd64-cygwin\jdk8u40\3098\hotspot\src\share\vm\prims\jvm.cpp, line 1382]
Event: 1.067 Thread 0x000000000269d800 Exception <a 'java/security/PrivilegedActionException'> (0x00000000eb911448) thrown at [D:\re\workspace\8-2-build-windows-amd64-cygwin\jdk8u40\3098\hotspot\src\share\vm\prims\jvm.cpp, line 1382]
Event: 1.067 Thread 0x000000000269d800 Exception <a 'java/security/PrivilegedActionException'> (0x00000000eb911790) thrown at [D:\re\workspace\8-2-build-windows-amd64-cygwin\jdk8u40\3098\hotspot\src\share\vm\prims\jvm.cpp, line 1382]

Events (10 events):
Event: 1.179 Thread 0x000000000269d800 DEOPT PACKING pc=0x0000000002d2bb9d sp=0x000000000279f260
Event: 1.179 Thread 0x000000000269d800 DEOPT UNPACKING pc=0x00000000028e787f sp=0x000000000279ef78 mode 0
Event: 1.180 Thread 0x000000000269d800 DEOPT PACKING pc=0x0000000002d2bb73 sp=0x000000000279f260
Event: 1.180 Thread 0x000000000269d800 DEOPT UNPACKING pc=0x00000000028e787f sp=0x000000000279ef78 mode 0
Event: 1.180 Thread 0x000000000269d800 DEOPT PACKING pc=0x0000000002d2bbc7 sp=0x000000000279f260
Event: 1.180 Thread 0x000000000269d800 DEOPT UNPACKING pc=0x00000000028e787f sp=0x000000000279ef78 mode 0
Event: 1.180 Thread 0x000000000269d800 DEOPT PACKING pc=0x0000000002d2bb9d sp=0x000000000279f260
Event: 1.180 Thread 0x000000000269d800 DEOPT UNPACKING pc=0x00000000028e787f sp=0x000000000279ef78 mode 0
Event: 1.180 Thread 0x000000000269d800 DEOPT PACKING pc=0x0000000002d2bb73 sp=0x000000000279f260
Event: 1.180 Thread 0x000000000269d800 DEOPT UNPACKING pc=0x00000000028e787f sp=0x000000000279ef78 mode 0


Dynamic libraries:
0x00007ff778070000 - 0x00007ff7780a7000 	C:\Program Files\Java\jdk1.8.0_40\bin\java.exe
0x00007ffc76410000 - 0x00007ffc765bc000 	C:\Windows\SYSTEM32\ntdll.dll
0x00007ffc741c0000 - 0x00007ffc742fa000 	C:\Windows\system32\KERNEL32.DLL
0x00007ffc737d0000 - 0x00007ffc738df000 	C:\Windows\system32\KERNELBASE.dll
0x00007ffc71ea0000 - 0x00007ffc71f28000 	C:\Windows\system32\apphelp.dll
0x00007ffc6a3c0000 - 0x00007ffc6a40f000 	C:\Windows\AppPatch\AppPatch64\AcGenral.DLL
0x00007ffc75c30000 - 0x00007ffc75cd7000 	C:\Windows\system32\msvcrt.dll
0x00007ffc73500000 - 0x00007ffc7352b000 	C:\Windows\SYSTEM32\SspiCli.dll
0x00007ffc73bc0000 - 0x00007ffc73c11000 	C:\Windows\system32\SHLWAPI.dll
0x00007ffc73c20000 - 0x00007ffc73d91000 	C:\Windows\system32\USER32.dll
0x00007ffc74300000 - 0x00007ffc74478000 	C:\Windows\system32\ole32.dll
0x00007ffc74710000 - 0x00007ffc75c28000 	C:\Windows\system32\SHELL32.dll
0x00007ffc730f0000 - 0x00007ffc7310e000 	C:\Windows\SYSTEM32\USERENV.dll
0x00007ffc75e00000 - 0x00007ffc75ea5000 	C:\Windows\system32\ADVAPI32.dll
0x00007ffc69b30000 - 0x00007ffc69b4b000 	C:\Windows\SYSTEM32\MPR.dll
0x00007ffc760f0000 - 0x00007ffc76227000 	C:\Windows\system32\RPCRT4.dll
0x00007ffc73b60000 - 0x00007ffc73bb7000 	C:\Windows\SYSTEM32\sechost.dll
0x00007ffc75eb0000 - 0x00007ffc76086000 	C:\Windows\SYSTEM32\combase.dll
0x00007ffc76240000 - 0x00007ffc76384000 	C:\Windows\system32\GDI32.dll
0x00007ffc73650000 - 0x00007ffc73664000 	C:\Windows\SYSTEM32\profapi.dll
0x00007ffc714f0000 - 0x00007ffc715a2000 	C:\Windows\SYSTEM32\SHCORE.dll
0x00007ffc75dc0000 - 0x00007ffc75df4000 	C:\Windows\system32\IMM32.DLL
0x00007ffc73e50000 - 0x00007ffc73fa1000 	C:\Windows\system32\MSCTF.dll
0x00007ffc6f590000 - 0x00007ffc6f7ea000 	C:\Windows\WinSxS\amd64_microsoft.windows.common-controls_6595b64144ccf1df_6.0.9600.17031_none_6242a4b3ecbb55a1\COMCTL32.dll
0x0000000070480000 - 0x0000000070552000 	C:\Program Files\Java\jdk1.8.0_40\jre\bin\msvcr100.dll
0x0000000070900000 - 0x0000000071183000 	C:\Program Files\Java\jdk1.8.0_40\jre\bin\server\jvm.dll
0x00007ffc5fff0000 - 0x00007ffc5fff9000 	C:\Windows\SYSTEM32\WSOCK32.dll
0x00007ffc64920000 - 0x00007ffc6493f000 	C:\Windows\SYSTEM32\WINMM.dll
0x00007ffc6ad30000 - 0x00007ffc6ad3a000 	C:\Windows\SYSTEM32\VERSION.dll
0x00007ffc75ce0000 - 0x00007ffc75ce7000 	C:\Windows\system32\PSAPI.DLL
0x00007ffc74160000 - 0x00007ffc741b8000 	C:\Windows\system32\WS2_32.dll
0x00007ffc648f0000 - 0x00007ffc6491a000 	C:\Windows\SYSTEM32\WINMMBASE.dll
0x00007ffc73fb0000 - 0x00007ffc73fb9000 	C:\Windows\system32\NSI.dll
0x00007ffc73b10000 - 0x00007ffc73b5a000 	C:\Windows\SYSTEM32\cfgmgr32.dll
0x00007ffc724b0000 - 0x00007ffc724d6000 	C:\Windows\SYSTEM32\DEVOBJ.dll
0x00000000708f0000 - 0x00000000708ff000 	C:\Program Files\Java\jdk1.8.0_40\jre\bin\verify.dll
0x00000000708c0000 - 0x00000000708e9000 	C:\Program Files\Java\jdk1.8.0_40\jre\bin\java.dll
0x00000000708a0000 - 0x00000000708b6000 	C:\Program Files\Java\jdk1.8.0_40\jre\bin\zip.dll
0x00007ffc66370000 - 0x00007ffc664f8000 	C:\Windows\SYSTEM32\dbghelp.dll

VM Arguments:
jvm_args: -Xmx1024M -Dfile.encoding=windows-1252 -Duser.country=CA -Duser.language=en -Duser.variant 
java_command: com.android.dx.command.Main --dex --output C:\Users\Alexandre\Desktop\HomeControl\app\build\intermediates\dex\debug C:\Users\Alexandre\Desktop\HomeControl\app\build\intermediates\classes\debug C:\Users\Alexandre\Desktop\HomeControl\app\build\intermediates\pre-dexed\debug\support-annotations-22.0.0-970be04ad239743f0e7d1752d2f5ac1a7f19c541.jar C:\Users\Alexandre\Desktop\HomeControl\app\build\intermediates\pre-dexed\debug\bolts-android-1.1.4-b36b7b8fc8af564240b697477c15149ede7d1d96.jar C:\Users\Alexandre\Desktop\HomeControl\app\build\intermediates\pre-dexed\debug\ParseCrashReporting-1.9.0-838ec92903bb1d6c8d1fc6b46ae9ca06ea4947bd.jar C:\Users\Alexandre\Desktop\HomeControl\app\build\intermediates\pre-dexed\debug\internal_impl-22.0.0-496bff818aa4b5d1cf8e48ddfbdac5c1ad227976.jar C:\Users\Alexandre\Desktop\HomeControl\app\build\intermediates\pre-dexed\debug\classes-23a1839a1c10aaf870753a7545b640837ea44537.jar C:\Users\Alexandre\Desktop\HomeControl\app\build\intermediates\pre-dexed\debug\Parse-1.9.0-b99160dbc796ada2c7d84e86a89a0c1a670d338d.jar C:\Users\Alexandre\Desktop\HomeControl\app\build\intermediates\pre-dexed\debug\classes-0bbcd149ee2d5ac4803717b78ea7297bb69a2e8d.jar
java_class_path (initial): C:\Users\Alexandre\AppData\Local\Android\Sdk\build-tools\22.0.0\lib\dx.jar
Launcher Type: SUN_STANDARD

Environment Variables:
PATH=C:\ProgramData\Oracle\Java\javapath;C:\Windows\system32;C:\Windows;C:\Windows\System32\Wbem;C:\Windows\System32\WindowsPowerShell\v1.0\;C:\Program Files (x86)\Windows Kits\8.1\Windows Performance Toolkit\;C:\Program Files\Microsoft SQL Server\110\Tools\Binn\;C:\Program Files (x86)\Microsoft SDKs\TypeScript\1.0\;C:\Program Files\Microsoft SQL Server\120\Tools\Binn\;C:\HashiCorp\Vagrant\bin
USERNAME=Alexandre
OS=Windows_NT
PROCESSOR_IDENTIFIER=Intel64 Family 6 Model 69 Stepping 1, GenuineIntel



---------------  S Y S T E M  ---------------

OS: Windows 8.1 , 64 bit Build 9600 (6.3.9600.17056)

CPU:total 4 (2 cores per cpu, 2 threads per core) family 6 model 69 stepping 1, cmov, cx8, fxsr, mmx, sse, sse2, sse3, ssse3, sse4.1, sse4.2, popcnt, avx, avx2, aes, clmul, erms, rtm, lzcnt, ht, tsc, tscinvbit, bmi1, bmi2

Memory: 4k page, physical 4112424k(217532k free), swap 7258152k(7044k free)

vm_info: Java HotSpot(TM) 64-Bit Server VM (25.40-b25) for windows-amd64 JRE (1.8.0_40-b26), built on Mar  7 2015 13:51:59 by "java_re" with MS VC++ 10.0 (VS2010)

time: Sat Mar 28 01:52:02 2015
elapsed time: 1 seconds (0d 0h 0m 1s)

